{
  "RSpec": {
    "coverage": {
      "C:/Users/mojha/Desktop/ruby/microservices-project/collegeManagement/app/helpers/application_helper.rb": {
        "lines": [
          1,
          null
        ]
      },
      "C:/Users/mojha/Desktop/ruby/microservices-project/collegeManagement/app/helpers/course_helper.rb": {
        "lines": [
          1,
          null
        ]
      },
      "C:/Users/mojha/Desktop/ruby/microservices-project/collegeManagement/app/helpers/department_helper.rb": {
        "lines": [
          1,
          null
        ]
      },
      "C:/Users/mojha/Desktop/ruby/microservices-project/collegeManagement/app/helpers/student_helper.rb": {
        "lines": [
          1,
          null
        ]
      },
      "C:/Users/mojha/Desktop/ruby/microservices-project/collegeManagement/app/controllers/course_controller.rb": {
        "lines": [
          1,
          1,
          1,
          1,
          null,
          1,
          1,
          1,
          null,
          1,
          null,
          1,
          1,
          1,
          1,
          null,
          1,
          1,
          null,
          1,
          1,
          1,
          null,
          0,
          null,
          null,
          1,
          1,
          1,
          1,
          1,
          null,
          0,
          null,
          null,
          1,
          1,
          1,
          null,
          null,
          1,
          1,
          2,
          null,
          1,
          5,
          null,
          1,
          5,
          null,
          null,
          null,
          null,
          null,
          null
        ]
      },
      "C:/Users/mojha/Desktop/ruby/microservices-project/collegeManagement/app/controllers/application_controller.rb": {
        "lines": [
          1,
          null
        ]
      },
      "C:/Users/mojha/Desktop/ruby/microservices-project/collegeManagement/app/controllers/department_controller.rb": {
        "lines": [
          1,
          1,
          1,
          1,
          null,
          1,
          1,
          1,
          1,
          null,
          null,
          1,
          1,
          null,
          1,
          1,
          1,
          null,
          0,
          null,
          null,
          1,
          1,
          null,
          1,
          1,
          null,
          1,
          1,
          1,
          1,
          1,
          null,
          0,
          null,
          null,
          null,
          1,
          1,
          1,
          null,
          1,
          1,
          2,
          null,
          1,
          5,
          null,
          1,
          5,
          null,
          null,
          null,
          null,
          null,
          null,
          null,
          null
        ]
      },
      "C:/Users/mojha/Desktop/ruby/microservices-project/collegeManagement/app/controllers/student_controller.rb": {
        "lines": [
          1,
          1,
          1,
          1,
          null,
          1,
          1,
          1,
          null,
          1,
          null,
          1,
          1,
          1,
          1,
          null,
          1,
          1,
          1,
          1,
          1,
          null,
          0,
          null,
          null,
          1,
          1,
          1,
          1,
          1,
          null,
          0,
          null,
          null,
          1,
          1,
          null,
          1,
          null,
          null,
          null,
          1,
          1,
          2,
          null,
          1,
          5,
          null,
          1,
          5,
          null,
          null,
          null,
          null,
          null,
          null,
          null,
          null
        ]
      },
      "C:/Users/mojha/Desktop/ruby/microservices-project/collegeManagement/app/channels/application_cable/channel.rb": {
        "lines": [
          0,
          0,
          0,
          0
        ],
        "branches": {
        }
      },
      "C:/Users/mojha/Desktop/ruby/microservices-project/collegeManagement/app/channels/application_cable/connection.rb": {
        "lines": [
          0,
          0,
          0,
          0
        ],
        "branches": {
        }
      },
      "C:/Users/mojha/Desktop/ruby/microservices-project/collegeManagement/app/jobs/application_job.rb": {
        "lines": [
          0,
          null,
          null,
          null,
          null,
          null,
          0
        ],
        "branches": {
        }
      },
      "C:/Users/mojha/Desktop/ruby/microservices-project/collegeManagement/app/mailers/application_mailer.rb": {
        "lines": [
          0,
          0,
          0,
          0
        ],
        "branches": {
        }
      },
      "C:/Users/mojha/Desktop/ruby/microservices-project/collegeManagement/app/models/application_record.rb": {
        "lines": [
          0,
          0,
          0
        ],
        "branches": {
        }
      }
    },
    "timestamp": 1625071764
  }
}
